<?xml version="1.0" encoding="UTF-8"?>
<coverage generated="1501746132">
  <project timestamp="1501746132">
    <package name="TDD">
      <file name="/home/sunny/projects/sunny-ramrakhiani/PHPUnit/src/Formatter.php">
        <class name="Formatter" namespace="TDD">
          <metrics complexity="1" methods="1" coveredmethods="1" conditionals="0" coveredconditionals="0" statements="1" coveredstatements="1" elements="2" coveredelements="2"/>
        </class>
        <line num="6" type="method" name="currencyAmt" visibility="public" complexity="1" crap="1" count="4"/>
        <line num="8" type="stmt" count="4"/>
        <metrics loc="9" ncloc="9" classes="1" methods="1" coveredmethods="1" conditionals="0" coveredconditionals="0" statements="1" coveredstatements="1" elements="2" coveredelements="2"/>
      </file>
      <file name="/home/sunny/projects/sunny-ramrakhiani/PHPUnit/src/Receipt.php">
        <class name="Receipt" namespace="TDD">
          <metrics complexity="6" methods="4" coveredmethods="4" conditionals="0" coveredconditionals="0" statements="11" coveredstatements="11" elements="15" coveredelements="15"/>
        </class>
        <line num="8" type="method" name="__construct" visibility="public" complexity="1" crap="1" count="7"/>
        <line num="10" type="stmt" count="7"/>
        <line num="11" type="stmt" count="7"/>
        <line num="13" type="method" name="Subtotal" visibility="public" complexity="3" crap="3" count="5"/>
        <line num="15" type="stmt" count="5"/>
        <line num="16" type="stmt" count="1"/>
        <line num="18" type="stmt" count="4"/>
        <line num="19" type="stmt" count="4"/>
        <line num="20" type="stmt" count="1"/>
        <line num="22" type="stmt" count="3"/>
        <line num="25" type="method" name="tax" visibility="public" complexity="1" crap="1" count="1"/>
        <line num="27" type="stmt" count="1"/>
        <line num="30" type="method" name="posttaxtotal" visibility="public" complexity="1" crap="1" count="1"/>
        <line num="32" type="stmt" count="1"/>
        <line num="33" type="stmt" count="1"/>
        <metrics loc="36" ncloc="36" classes="1" methods="4" coveredmethods="4" conditionals="0" coveredconditionals="0" statements="11" coveredstatements="11" elements="15" coveredelements="15"/>
      </file>
    </package>
    <metrics files="2" loc="45" ncloc="45" classes="2" methods="5" coveredmethods="5" conditionals="0" coveredconditionals="0" statements="12" coveredstatements="12" elements="17" coveredelements="17"/>
  </project>
</coverage>
